c:\users\niesp\desktop\c++\posejdon\csgo\release\vc142.pdb
c:\users\niesp\desktop\c++\posejdon\csgo\release\imgui_widgets.obj
c:\users\niesp\desktop\c++\posejdon\csgo\release\imgui_impl_win32.obj
c:\users\niesp\desktop\c++\posejdon\csgo\release\imgui_impl_dx9.obj
c:\users\niesp\desktop\c++\posejdon\csgo\release\imgui_draw.obj
c:\users\niesp\desktop\c++\posejdon\csgo\release\imgui_demo.obj
c:\users\niesp\desktop\c++\posejdon\csgo\release\imgui.obj
c:\users\niesp\desktop\c++\posejdon\csgo\release\hook.obj
c:\users\niesp\desktop\c++\posejdon\csgo\release\hack.obj
c:\users\niesp\desktop\c++\posejdon\csgo\release\dllmain.obj
c:\users\niesp\desktop\c++\posejdon\csgo\release\directx.obj
c:\users\niesp\desktop\c++\posejdon\csgo\release\csgo.ipdb
c:\users\niesp\desktop\c++\posejdon\csgo\release\csgo.iobj
c:\users\niesp\desktop\c++\posejdon\csgo\release\csgo.dll
c:\users\niesp\desktop\c++\posejdon\csgo\release\csgo.pdb
c:\users\niesp\desktop\c++\posejdon\csgo\release\csgo.tlog\cl.command.1.tlog
c:\users\niesp\desktop\c++\posejdon\csgo\release\csgo.tlog\cl.read.1.tlog
c:\users\niesp\desktop\c++\posejdon\csgo\release\csgo.tlog\cl.write.1.tlog
c:\users\niesp\desktop\c++\posejdon\csgo\release\csgo.tlog\csgo.write.1u.tlog
c:\users\niesp\desktop\c++\posejdon\csgo\release\csgo.tlog\link.command.1.tlog
c:\users\niesp\desktop\c++\posejdon\csgo\release\csgo.tlog\link.read.1.tlog
c:\users\niesp\desktop\c++\posejdon\csgo\release\csgo.tlog\link.write.1.tlog
